[2025-03-19 22:34:28] Update dependencies to latest versions
[2025-03-19 11:15:03] Optimize database queries
[2025-03-20 01:43:26] Refactor core logic for better performance
[2025-03-21 12:58:09] Fix minor bugs in the utility module
[2025-03-23 23:55:03] Add unit tests for the authentication flow
[2025-03-23 17:01:21] Add unit tests for the authentication flow
[2025-03-24 00:36:45] Add unit tests for the authentication flow
[2025-03-25 04:32:30] Implement responsive design for mobile devices
[2025-03-25 14:15:14] Fix minor bugs in the utility module
[2025-03-25 13:50:01] Improve code readability and structure
[2025-03-25 14:52:49] Refactor core logic for better performance
[2025-03-26 04:11:17] Add new features to the dashboard
[2025-03-26 08:46:51] Update dependencies to latest versions
[2025-03-26 04:00:05] Fix minor bugs in the utility module
[2025-03-27 13:21:39] Clean up unused assets and files
[2025-03-28 03:33:09] Fix minor bugs in the utility module
[2025-03-28 14:22:03] Update dependencies to latest versions
[2025-03-29 11:22:43] Implement responsive design for mobile devices
[2025-03-29 11:34:35] Update dependencies to latest versions
[2025-03-29 11:35:13] Optimize database queries
[2025-03-29 03:13:20] Add unit tests for the authentication flow
[2025-04-02 04:28:33] Update dependencies to latest versions
[2025-04-02 06:42:13] Refactor core logic for better performance
[2025-04-02 12:37:44] Add unit tests for the authentication flow
[2025-04-03 19:53:43] Fix minor bugs in the utility module
[2025-04-04 08:05:06] Clean up unused assets and files
[2025-04-05 13:32:55] Add unit tests for the authentication flow
[2025-04-05 18:23:10] Add unit tests for the authentication flow
[2025-04-05 06:38:01] Improve code readability and structure
[2025-04-05 11:27:09] Add unit tests for the authentication flow
[2025-04-05 11:39:37] Optimize database queries
[2025-04-06 03:42:37] Refactor core logic for better performance
[2025-04-06 12:15:28] Implement responsive design for mobile devices
[2025-04-06 03:38:50] Fix minor bugs in the utility module
[2025-04-06 17:26:16] Update project documentation
[2025-04-08 21:19:49] Improve code readability and structure
[2025-04-08 20:12:18] Add new features to the dashboard
[2025-04-08 19:20:18] Clean up unused assets and files
[2025-04-08 16:52:55] Implement responsive design for mobile devices
[2025-04-08 11:30:09] Clean up unused assets and files
[2025-04-09 06:05:56] Refactor core logic for better performance
[2025-04-09 22:55:55] Update project documentation
[2025-04-09 04:40:59] Optimize database queries
[2025-04-09 15:41:50] Optimize database queries
[2025-04-09 15:17:10] Implement responsive design for mobile devices
[2025-04-10 14:17:02] Implement responsive design for mobile devices
[2025-04-10 08:00:29] Fix minor bugs in the utility module
[2025-04-10 12:06:54] Clean up unused assets and files
[2025-04-10 14:14:35] Clean up unused assets and files
[2025-04-11 10:03:52] Fix minor bugs in the utility module
[2025-04-11 02:02:52] Update dependencies to latest versions
[2025-04-11 16:32:34] Update dependencies to latest versions
[2025-04-12 09:00:53] Optimize database queries
[2025-04-12 10:51:49] Implement responsive design for mobile devices
[2025-04-12 04:49:27] Fix minor bugs in the utility module
[2025-04-12 21:47:28] Update project documentation
